[0.008s] Invoking command in '/home/mostafa/ros2/robot_ws/build/robot_bringup': CMAKE_PREFIX_PATH=/home/mostafa/ros2/robot_ws/install/robot_description:/home/mostafa/ros2/ros2_ws/install/robot_description:/opt/ros/humble /usr/bin/cmake /home/mostafa/ros2/robot_ws/src/robot_bringup -DAMENT_CMAKE_SYMLINK_INSTALL=1 -DCMAKE_INSTALL_PREFIX=/home/mostafa/ros2/robot_ws/install/robot_bringup
[0.020s] -- Found ament_cmake: 1.3.9 (/opt/ros/humble/share/ament_cmake/cmake)
[0.129s] -- Override CMake install command with custom implementation using symlinks instead of copying resources
[0.198s] -- Configuring done
[0.201s] -- Generating done
[0.201s] -- Build files have been written to: /home/mostafa/ros2/robot_ws/build/robot_bringup
[0.204s] Invoked command in '/home/mostafa/ros2/robot_ws/build/robot_bringup' returned '0': CMAKE_PREFIX_PATH=/home/mostafa/ros2/robot_ws/install/robot_description:/home/mostafa/ros2/ros2_ws/install/robot_description:/opt/ros/humble /usr/bin/cmake /home/mostafa/ros2/robot_ws/src/robot_bringup -DAMENT_CMAKE_SYMLINK_INSTALL=1 -DCMAKE_INSTALL_PREFIX=/home/mostafa/ros2/robot_ws/install/robot_bringup
[0.206s] Invoking command in '/home/mostafa/ros2/robot_ws/build/robot_bringup': CMAKE_PREFIX_PATH=/home/mostafa/ros2/robot_ws/install/robot_description:/home/mostafa/ros2/ros2_ws/install/robot_description:/opt/ros/humble /usr/bin/cmake --build /home/mostafa/ros2/robot_ws/build/robot_bringup -- -j12 -l12
[0.238s] Invoked command in '/home/mostafa/ros2/robot_ws/build/robot_bringup' returned '0': CMAKE_PREFIX_PATH=/home/mostafa/ros2/robot_ws/install/robot_description:/home/mostafa/ros2/ros2_ws/install/robot_description:/opt/ros/humble /usr/bin/cmake --build /home/mostafa/ros2/robot_ws/build/robot_bringup -- -j12 -l12
[0.259s] Invoking command in '/home/mostafa/ros2/robot_ws/build/robot_bringup': CMAKE_PREFIX_PATH=/home/mostafa/ros2/robot_ws/install/robot_description:/home/mostafa/ros2/ros2_ws/install/robot_description:/opt/ros/humble /usr/bin/cmake --install /home/mostafa/ros2/robot_ws/build/robot_bringup
[0.265s] -- Install configuration: ""
[0.265s] -- Execute custom install script
[0.266s] -- Symlinking: /home/mostafa/ros2/robot_ws/install/robot_bringup/share/robot_bringup//launch/robot_gazebo.launch.xml
[0.273s] -- Symlinking: /home/mostafa/ros2/robot_ws/install/robot_bringup/share/ament_index/resource_index/package_run_dependencies/robot_bringup
[0.281s] -- Symlinking: /home/mostafa/ros2/robot_ws/install/robot_bringup/share/ament_index/resource_index/parent_prefix_path/robot_bringup
[0.289s] -- Symlinking: /home/mostafa/ros2/robot_ws/install/robot_bringup/share/robot_bringup/environment/ament_prefix_path.sh
[0.297s] -- Symlinking: /home/mostafa/ros2/robot_ws/install/robot_bringup/share/robot_bringup/environment/ament_prefix_path.dsv
[0.305s] -- Symlinking: /home/mostafa/ros2/robot_ws/install/robot_bringup/share/robot_bringup/environment/path.sh
[0.313s] -- Symlinking: /home/mostafa/ros2/robot_ws/install/robot_bringup/share/robot_bringup/environment/path.dsv
[0.320s] -- Symlinking: /home/mostafa/ros2/robot_ws/install/robot_bringup/share/robot_bringup/local_setup.bash
[0.328s] -- Symlinking: /home/mostafa/ros2/robot_ws/install/robot_bringup/share/robot_bringup/local_setup.sh
[0.336s] -- Symlinking: /home/mostafa/ros2/robot_ws/install/robot_bringup/share/robot_bringup/local_setup.zsh
[0.343s] -- Symlinking: /home/mostafa/ros2/robot_ws/install/robot_bringup/share/robot_bringup/local_setup.dsv
[0.351s] -- Symlinking: /home/mostafa/ros2/robot_ws/install/robot_bringup/share/robot_bringup/package.dsv
[0.359s] -- Symlinking: /home/mostafa/ros2/robot_ws/install/robot_bringup/share/ament_index/resource_index/packages/robot_bringup
[0.367s] -- Symlinking: /home/mostafa/ros2/robot_ws/install/robot_bringup/share/robot_bringup/cmake/robot_bringupConfig.cmake
[0.375s] -- Symlinking: /home/mostafa/ros2/robot_ws/install/robot_bringup/share/robot_bringup/cmake/robot_bringupConfig-version.cmake
[0.383s] -- Symlinking: /home/mostafa/ros2/robot_ws/install/robot_bringup/share/robot_bringup/package.xml
[0.393s] Invoked command in '/home/mostafa/ros2/robot_ws/build/robot_bringup' returned '0': CMAKE_PREFIX_PATH=/home/mostafa/ros2/robot_ws/install/robot_description:/home/mostafa/ros2/ros2_ws/install/robot_description:/opt/ros/humble /usr/bin/cmake --install /home/mostafa/ros2/robot_ws/build/robot_bringup
