[0.012s] Invoking command in '/home/mostafa/ros2/robot_ws/build/robot_description': CMAKE_PREFIX_PATH=${CMAKE_PREFIX_PATH}:/opt/ros/humble /usr/bin/cmake --build /home/mostafa/ros2/robot_ws/build/robot_description -- -j12 -l12
[0.045s] Invoked command in '/home/mostafa/ros2/robot_ws/build/robot_description' returned '0': CMAKE_PREFIX_PATH=${CMAKE_PREFIX_PATH}:/opt/ros/humble /usr/bin/cmake --build /home/mostafa/ros2/robot_ws/build/robot_description -- -j12 -l12
[0.074s] Invoking command in '/home/mostafa/ros2/robot_ws/build/robot_description': CMAKE_PREFIX_PATH=${CMAKE_PREFIX_PATH}:/opt/ros/humble /usr/bin/cmake --install /home/mostafa/ros2/robot_ws/build/robot_description
[0.081s] -- Install configuration: ""
[0.081s] -- Execute custom install script
[0.081s] -- Symlinking: /home/mostafa/ros2/robot_ws/install/robot_description/share/robot_description//urdf/Common_proprties.xacro
[0.090s] -- Up-to-date symlink: /home/mostafa/ros2/robot_ws/install/robot_description/share/robot_description//urdf/Robot.urdf.xacro
[0.090s] -- Symlinking: /home/mostafa/ros2/robot_ws/install/robot_description/share/robot_description//urdf/mobile_base.xacro
[0.099s] -- Up-to-date symlink: /home/mostafa/ros2/robot_ws/install/robot_description/share/robot_description//launch/display.launch.xml
[0.099s] -- Up-to-date symlink: /home/mostafa/ros2/robot_ws/install/robot_description/share/robot_description//rviz/basic_robot.rviz
[0.099s] -- Up-to-date symlink: /home/mostafa/ros2/robot_ws/install/robot_description/share/ament_index/resource_index/package_run_dependencies/robot_description
[0.099s] -- Up-to-date symlink: /home/mostafa/ros2/robot_ws/install/robot_description/share/ament_index/resource_index/parent_prefix_path/robot_description
[0.100s] -- Up-to-date symlink: /home/mostafa/ros2/robot_ws/install/robot_description/share/robot_description/environment/ament_prefix_path.sh
[0.100s] -- Up-to-date symlink: /home/mostafa/ros2/robot_ws/install/robot_description/share/robot_description/environment/ament_prefix_path.dsv
[0.100s] -- Up-to-date symlink: /home/mostafa/ros2/robot_ws/install/robot_description/share/robot_description/environment/path.sh
[0.100s] -- Up-to-date symlink: /home/mostafa/ros2/robot_ws/install/robot_description/share/robot_description/environment/path.dsv
[0.100s] -- Up-to-date symlink: /home/mostafa/ros2/robot_ws/install/robot_description/share/robot_description/local_setup.bash
[0.100s] -- Up-to-date symlink: /home/mostafa/ros2/robot_ws/install/robot_description/share/robot_description/local_setup.sh
[0.100s] -- Up-to-date symlink: /home/mostafa/ros2/robot_ws/install/robot_description/share/robot_description/local_setup.zsh
[0.101s] -- Up-to-date symlink: /home/mostafa/ros2/robot_ws/install/robot_description/share/robot_description/local_setup.dsv
[0.101s] -- Symlinking: /home/mostafa/ros2/robot_ws/install/robot_description/share/robot_description/package.dsv
[0.110s] -- Up-to-date symlink: /home/mostafa/ros2/robot_ws/install/robot_description/share/ament_index/resource_index/packages/robot_description
[0.110s] -- Up-to-date symlink: /home/mostafa/ros2/robot_ws/install/robot_description/share/robot_description/cmake/robot_descriptionConfig.cmake
[0.110s] -- Up-to-date symlink: /home/mostafa/ros2/robot_ws/install/robot_description/share/robot_description/cmake/robot_descriptionConfig-version.cmake
[0.110s] -- Up-to-date symlink: /home/mostafa/ros2/robot_ws/install/robot_description/share/robot_description/package.xml
[0.112s] Invoked command in '/home/mostafa/ros2/robot_ws/build/robot_description' returned '0': CMAKE_PREFIX_PATH=${CMAKE_PREFIX_PATH}:/opt/ros/humble /usr/bin/cmake --install /home/mostafa/ros2/robot_ws/build/robot_description
