[0.010s] Invoking command in '/home/mostafa/ros2/robot_ws/build/my_robot_description': CMAKE_PREFIX_PATH=/opt/ros/humble /usr/bin/cmake /home/mostafa/ros2/robot_ws/src/my_robot_description -DAMENT_CMAKE_SYMLINK_INSTALL=1 -DCMAKE_INSTALL_PREFIX=/home/mostafa/ros2/robot_ws/install/my_robot_description
[0.074s] -- The C compiler identification is GNU 11.4.0
[0.128s] -- The CXX compiler identification is GNU 11.4.0
[0.135s] -- Detecting C compiler ABI info
[0.201s] -- Detecting C compiler ABI info - done
[0.208s] -- Check for working C compiler: /usr/bin/cc - skipped
[0.208s] -- Detecting C compile features
[0.209s] -- Detecting C compile features - done
[0.211s] -- Detecting CXX compiler ABI info
[0.286s] -- Detecting CXX compiler ABI info - done
[0.292s] -- Check for working CXX compiler: /usr/bin/c++ - skipped
[0.293s] -- Detecting CXX compile features
[0.293s] -- Detecting CXX compile features - done
[0.297s] -- Found ament_cmake: 1.3.9 (/opt/ros/humble/share/ament_cmake/cmake)
[0.458s] -- Found Python3: /usr/bin/python3 (found version "3.10.12") found components: Interpreter 
[0.512s] -- Override CMake install command with custom implementation using symlinks instead of copying resources
[0.599s] -- Configuring done
[0.601s] -- Generating done
[0.602s] -- Build files have been written to: /home/mostafa/ros2/robot_ws/build/my_robot_description
[0.607s] Invoked command in '/home/mostafa/ros2/robot_ws/build/my_robot_description' returned '0': CMAKE_PREFIX_PATH=/opt/ros/humble /usr/bin/cmake /home/mostafa/ros2/robot_ws/src/my_robot_description -DAMENT_CMAKE_SYMLINK_INSTALL=1 -DCMAKE_INSTALL_PREFIX=/home/mostafa/ros2/robot_ws/install/my_robot_description
[0.607s] Invoking command in '/home/mostafa/ros2/robot_ws/build/my_robot_description': CMAKE_PREFIX_PATH=/opt/ros/humble /usr/bin/cmake --build /home/mostafa/ros2/robot_ws/build/my_robot_description -- -j12 -l12
[0.645s] Invoked command in '/home/mostafa/ros2/robot_ws/build/my_robot_description' returned '0': CMAKE_PREFIX_PATH=/opt/ros/humble /usr/bin/cmake --build /home/mostafa/ros2/robot_ws/build/my_robot_description -- -j12 -l12
[0.676s] Invoking command in '/home/mostafa/ros2/robot_ws/build/my_robot_description': CMAKE_PREFIX_PATH=/opt/ros/humble /usr/bin/cmake --install /home/mostafa/ros2/robot_ws/build/my_robot_description
[0.683s] -- Install configuration: ""
[0.683s] -- Execute custom install script
[0.684s] -- Symlinking: /home/mostafa/ros2/robot_ws/install/my_robot_description/share/my_robot_description//urdf/common_properties.xacro
[0.692s] -- Symlinking: /home/mostafa/ros2/robot_ws/install/my_robot_description/share/my_robot_description//urdf/mobile_base.xacro
[0.701s] -- Symlinking: /home/mostafa/ros2/robot_ws/install/my_robot_description/share/my_robot_description//urdf/mobile_base_gazebo.xacro
[0.709s] -- Symlinking: /home/mostafa/ros2/robot_ws/install/my_robot_description/share/my_robot_description//urdf/my_robot.urdf.xacro
[0.718s] -- Symlinking: /home/mostafa/ros2/robot_ws/install/my_robot_description/share/my_robot_description//launch/display.launch.py
[0.727s] -- Symlinking: /home/mostafa/ros2/robot_ws/install/my_robot_description/share/my_robot_description//launch/display.launch.xml
[0.735s] -- Symlinking: /home/mostafa/ros2/robot_ws/install/my_robot_description/share/my_robot_description//rviz/urdf_config.rviz
[0.745s] -- Symlinking: /home/mostafa/ros2/robot_ws/install/my_robot_description/share/ament_index/resource_index/package_run_dependencies/my_robot_description
[0.753s] -- Symlinking: /home/mostafa/ros2/robot_ws/install/my_robot_description/share/ament_index/resource_index/parent_prefix_path/my_robot_description
[0.762s] -- Symlinking: /home/mostafa/ros2/robot_ws/install/my_robot_description/share/my_robot_description/environment/ament_prefix_path.sh
[0.770s] -- Symlinking: /home/mostafa/ros2/robot_ws/install/my_robot_description/share/my_robot_description/environment/ament_prefix_path.dsv
[0.779s] -- Symlinking: /home/mostafa/ros2/robot_ws/install/my_robot_description/share/my_robot_description/environment/path.sh
[0.788s] -- Symlinking: /home/mostafa/ros2/robot_ws/install/my_robot_description/share/my_robot_description/environment/path.dsv
[0.797s] -- Symlinking: /home/mostafa/ros2/robot_ws/install/my_robot_description/share/my_robot_description/local_setup.bash
[0.805s] -- Symlinking: /home/mostafa/ros2/robot_ws/install/my_robot_description/share/my_robot_description/local_setup.sh
[0.814s] -- Symlinking: /home/mostafa/ros2/robot_ws/install/my_robot_description/share/my_robot_description/local_setup.zsh
[0.823s] -- Symlinking: /home/mostafa/ros2/robot_ws/install/my_robot_description/share/my_robot_description/local_setup.dsv
[0.832s] -- Symlinking: /home/mostafa/ros2/robot_ws/install/my_robot_description/share/my_robot_description/package.dsv
[0.841s] -- Symlinking: /home/mostafa/ros2/robot_ws/install/my_robot_description/share/ament_index/resource_index/packages/my_robot_description
[0.850s] -- Symlinking: /home/mostafa/ros2/robot_ws/install/my_robot_description/share/my_robot_description/cmake/my_robot_descriptionConfig.cmake
[0.858s] -- Symlinking: /home/mostafa/ros2/robot_ws/install/my_robot_description/share/my_robot_description/cmake/my_robot_descriptionConfig-version.cmake
[0.867s] -- Symlinking: /home/mostafa/ros2/robot_ws/install/my_robot_description/share/my_robot_description/package.xml
[0.877s] Invoked command in '/home/mostafa/ros2/robot_ws/build/my_robot_description' returned '0': CMAKE_PREFIX_PATH=/opt/ros/humble /usr/bin/cmake --install /home/mostafa/ros2/robot_ws/build/my_robot_description
