[0.010s] Invoking command in '/home/mostafa/ros2/robot_ws/build/robot_description': CMAKE_PREFIX_PATH=${CMAKE_PREFIX_PATH}:/opt/ros/humble /usr/bin/cmake /home/mostafa/ros2/robot_ws/src/robot_description -DCMAKE_INSTALL_PREFIX=/home/mostafa/ros2/robot_ws/install/robot_description
[0.062s] -- The C compiler identification is GNU 11.4.0
[0.112s] -- The CXX compiler identification is GNU 11.4.0
[0.118s] -- Detecting C compiler ABI info
[0.180s] -- Detecting C compiler ABI info - done
[0.186s] -- Check for working C compiler: /usr/bin/cc - skipped
[0.186s] -- Detecting C compile features
[0.187s] -- Detecting C compile features - done
[0.189s] -- Detecting CXX compiler ABI info
[0.261s] -- Detecting CXX compiler ABI info - done
[0.268s] -- Check for working CXX compiler: /usr/bin/c++ - skipped
[0.268s] -- Detecting CXX compile features
[0.268s] -- Detecting CXX compile features - done
[0.271s] -- Found ament_cmake: 1.3.9 (/opt/ros/humble/share/ament_cmake/cmake)
[0.406s] -- Found Python3: /usr/bin/python3 (found version "3.10.12") found components: Interpreter 
[0.545s] -- Configuring done
[0.547s] -- Generating done
[0.548s] -- Build files have been written to: /home/mostafa/ros2/robot_ws/build/robot_description
[0.553s] Invoked command in '/home/mostafa/ros2/robot_ws/build/robot_description' returned '0': CMAKE_PREFIX_PATH=${CMAKE_PREFIX_PATH}:/opt/ros/humble /usr/bin/cmake /home/mostafa/ros2/robot_ws/src/robot_description -DCMAKE_INSTALL_PREFIX=/home/mostafa/ros2/robot_ws/install/robot_description
[0.554s] Invoking command in '/home/mostafa/ros2/robot_ws/build/robot_description': CMAKE_PREFIX_PATH=${CMAKE_PREFIX_PATH}:/opt/ros/humble /usr/bin/cmake --build /home/mostafa/ros2/robot_ws/build/robot_description -- -j12 -l12
[0.588s] Invoked command in '/home/mostafa/ros2/robot_ws/build/robot_description' returned '0': CMAKE_PREFIX_PATH=${CMAKE_PREFIX_PATH}:/opt/ros/humble /usr/bin/cmake --build /home/mostafa/ros2/robot_ws/build/robot_description -- -j12 -l12
[0.616s] Invoking command in '/home/mostafa/ros2/robot_ws/build/robot_description': CMAKE_PREFIX_PATH=${CMAKE_PREFIX_PATH}:/opt/ros/humble /usr/bin/cmake --install /home/mostafa/ros2/robot_ws/build/robot_description
[0.622s] -- Install configuration: ""
[0.622s] -- Installing: /home/mostafa/ros2/robot_ws/install/robot_description/share/robot_description//urdf
[0.623s] -- Installing: /home/mostafa/ros2/robot_ws/install/robot_description/share/robot_description//urdf/Robot.urdf
[0.623s] -- Installing: /home/mostafa/ros2/robot_ws/install/robot_description/share/ament_index/resource_index/package_run_dependencies/robot_description
[0.623s] -- Installing: /home/mostafa/ros2/robot_ws/install/robot_description/share/ament_index/resource_index/parent_prefix_path/robot_description
[0.623s] -- Installing: /home/mostafa/ros2/robot_ws/install/robot_description/share/robot_description/environment/ament_prefix_path.sh
[0.623s] -- Installing: /home/mostafa/ros2/robot_ws/install/robot_description/share/robot_description/environment/ament_prefix_path.dsv
[0.623s] -- Installing: /home/mostafa/ros2/robot_ws/install/robot_description/share/robot_description/environment/path.sh
[0.623s] -- Installing: /home/mostafa/ros2/robot_ws/install/robot_description/share/robot_description/environment/path.dsv
[0.624s] -- Installing: /home/mostafa/ros2/robot_ws/install/robot_description/share/robot_description/local_setup.bash
[0.624s] -- Installing: /home/mostafa/ros2/robot_ws/install/robot_description/share/robot_description/local_setup.sh
[0.624s] -- Installing: /home/mostafa/ros2/robot_ws/install/robot_description/share/robot_description/local_setup.zsh
[0.624s] -- Installing: /home/mostafa/ros2/robot_ws/install/robot_description/share/robot_description/local_setup.dsv
[0.624s] -- Installing: /home/mostafa/ros2/robot_ws/install/robot_description/share/robot_description/package.dsv
[0.624s] -- Installing: /home/mostafa/ros2/robot_ws/install/robot_description/share/ament_index/resource_index/packages/robot_description
[0.624s] -- Installing: /home/mostafa/ros2/robot_ws/install/robot_description/share/robot_description/cmake/robot_descriptionConfig.cmake
[0.624s] -- Installing: /home/mostafa/ros2/robot_ws/install/robot_description/share/robot_description/cmake/robot_descriptionConfig-version.cmake
[0.625s] -- Installing: /home/mostafa/ros2/robot_ws/install/robot_description/share/robot_description/package.xml
[0.627s] Invoked command in '/home/mostafa/ros2/robot_ws/build/robot_description' returned '0': CMAKE_PREFIX_PATH=${CMAKE_PREFIX_PATH}:/opt/ros/humble /usr/bin/cmake --install /home/mostafa/ros2/robot_ws/build/robot_description
