[0.015s] Invoking command in '/home/mostafa/ros2/robot_ws/build/robot_bringup': CMAKE_PREFIX_PATH=${CMAKE_PREFIX_PATH}:/opt/ros/humble /usr/bin/cmake /home/mostafa/ros2/robot_ws/src/robot_bringup -DCMAKE_INSTALL_PREFIX=/home/mostafa/ros2/robot_ws/install/robot_bringup
[0.072s] -- The C compiler identification is GNU 11.4.0
[0.127s] -- The CXX compiler identification is GNU 11.4.0
[0.134s] -- Detecting C compiler ABI info
[0.197s] -- Detecting C compiler ABI info - done
[0.204s] -- Check for working C compiler: /usr/bin/cc - skipped
[0.204s] -- Detecting C compile features
[0.205s] -- Detecting C compile features - done
[0.209s] -- Detecting CXX compiler ABI info
[0.283s] -- Detecting CXX compiler ABI info - done
[0.290s] -- Check for working CXX compiler: /usr/bin/c++ - skipped
[0.291s] -- Detecting CXX compile features
[0.291s] -- Detecting CXX compile features - done
[0.296s] -- Found ament_cmake: 1.3.9 (/opt/ros/humble/share/ament_cmake/cmake)
[0.440s] -- Found Python3: /usr/bin/python3 (found version "3.10.12") found components: Interpreter 
[0.528s] -- Found ament_lint_auto: 0.12.11 (/opt/ros/humble/share/ament_lint_auto/cmake)
[0.609s] -- Added test 'lint_cmake' to check CMake code style
[0.610s] -- Added test 'xmllint' to check XML markup files
[0.611s] -- Configuring done
[0.614s] -- Generating done
[0.615s] -- Build files have been written to: /home/mostafa/ros2/robot_ws/build/robot_bringup
[0.619s] Invoked command in '/home/mostafa/ros2/robot_ws/build/robot_bringup' returned '0': CMAKE_PREFIX_PATH=${CMAKE_PREFIX_PATH}:/opt/ros/humble /usr/bin/cmake /home/mostafa/ros2/robot_ws/src/robot_bringup -DCMAKE_INSTALL_PREFIX=/home/mostafa/ros2/robot_ws/install/robot_bringup
[0.620s] Invoking command in '/home/mostafa/ros2/robot_ws/build/robot_bringup': CMAKE_PREFIX_PATH=${CMAKE_PREFIX_PATH}:/opt/ros/humble /usr/bin/cmake --build /home/mostafa/ros2/robot_ws/build/robot_bringup -- -j12 -l12
[0.655s] Invoked command in '/home/mostafa/ros2/robot_ws/build/robot_bringup' returned '0': CMAKE_PREFIX_PATH=${CMAKE_PREFIX_PATH}:/opt/ros/humble /usr/bin/cmake --build /home/mostafa/ros2/robot_ws/build/robot_bringup -- -j12 -l12
[0.680s] Invoking command in '/home/mostafa/ros2/robot_ws/build/robot_bringup': CMAKE_PREFIX_PATH=${CMAKE_PREFIX_PATH}:/opt/ros/humble /usr/bin/cmake --install /home/mostafa/ros2/robot_ws/build/robot_bringup
[0.688s] -- Install configuration: ""
[0.688s] -- Installing: /home/mostafa/ros2/robot_ws/install/robot_bringup/share/ament_index/resource_index/package_run_dependencies/robot_bringup
[0.689s] -- Installing: /home/mostafa/ros2/robot_ws/install/robot_bringup/share/ament_index/resource_index/parent_prefix_path/robot_bringup
[0.689s] -- Installing: /home/mostafa/ros2/robot_ws/install/robot_bringup/share/robot_bringup/environment/ament_prefix_path.sh
[0.689s] -- Installing: /home/mostafa/ros2/robot_ws/install/robot_bringup/share/robot_bringup/environment/ament_prefix_path.dsv
[0.689s] -- Installing: /home/mostafa/ros2/robot_ws/install/robot_bringup/share/robot_bringup/environment/path.sh
[0.689s] -- Installing: /home/mostafa/ros2/robot_ws/install/robot_bringup/share/robot_bringup/environment/path.dsv
[0.689s] -- Installing: /home/mostafa/ros2/robot_ws/install/robot_bringup/share/robot_bringup/local_setup.bash
[0.690s] -- Installing: /home/mostafa/ros2/robot_ws/install/robot_bringup/share/robot_bringup/local_setup.sh
[0.690s] -- Installing: /home/mostafa/ros2/robot_ws/install/robot_bringup/share/robot_bringup/local_setup.zsh
[0.690s] -- Installing: /home/mostafa/ros2/robot_ws/install/robot_bringup/share/robot_bringup/local_setup.dsv
[0.690s] -- Installing: /home/mostafa/ros2/robot_ws/install/robot_bringup/share/robot_bringup/package.dsv
[0.690s] -- Installing: /home/mostafa/ros2/robot_ws/install/robot_bringup/share/ament_index/resource_index/packages/robot_bringup
[0.690s] -- Installing: /home/mostafa/ros2/robot_ws/install/robot_bringup/share/robot_bringup/cmake/robot_bringupConfig.cmake
[0.691s] -- Installing: /home/mostafa/ros2/robot_ws/install/robot_bringup/share/robot_bringup/cmake/robot_bringupConfig-version.cmake
[0.691s] -- Installing: /home/mostafa/ros2/robot_ws/install/robot_bringup/share/robot_bringup/package.xml
[0.693s] Invoked command in '/home/mostafa/ros2/robot_ws/build/robot_bringup' returned '0': CMAKE_PREFIX_PATH=${CMAKE_PREFIX_PATH}:/opt/ros/humble /usr/bin/cmake --install /home/mostafa/ros2/robot_ws/build/robot_bringup
