[0.015s] Invoking command in '/home/mostafa/ros2/ros2_ws/build/robot_description': CMAKE_PREFIX_PATH=/opt/ros/humble /usr/bin/cmake /home/mostafa/ros2/ros2_ws/src/robot_description -DCMAKE_INSTALL_PREFIX=/home/mostafa/ros2/ros2_ws/install/robot_description
[0.102s] -- The C compiler identification is GNU 11.4.0
[0.181s] -- The CXX compiler identification is GNU 11.4.0
[0.190s] -- Detecting C compiler ABI info
[0.256s] -- Detecting C compiler ABI info - done
[0.263s] -- Check for working C compiler: /usr/bin/cc - skipped
[0.263s] -- Detecting C compile features
[0.264s] -- Detecting C compile features - done
[0.267s] -- Detecting CXX compiler ABI info
[0.340s] -- Detecting CXX compiler ABI info - done
[0.347s] -- Check for working CXX compiler: /usr/bin/c++ - skipped
[0.347s] -- Detecting CXX compile features
[0.348s] -- Detecting CXX compile features - done
[0.353s] -- Found ament_cmake: 1.3.9 (/opt/ros/humble/share/ament_cmake/cmake)
[0.495s] -- Found Python3: /usr/bin/python3 (found version "3.10.12") found components: Interpreter 
[0.651s] -- Configuring done
[0.654s] -- Generating done
[0.655s] -- Build files have been written to: /home/mostafa/ros2/ros2_ws/build/robot_description
[0.659s] Invoked command in '/home/mostafa/ros2/ros2_ws/build/robot_description' returned '0': CMAKE_PREFIX_PATH=/opt/ros/humble /usr/bin/cmake /home/mostafa/ros2/ros2_ws/src/robot_description -DCMAKE_INSTALL_PREFIX=/home/mostafa/ros2/ros2_ws/install/robot_description
[0.661s] Invoking command in '/home/mostafa/ros2/ros2_ws/build/robot_description': CMAKE_PREFIX_PATH=/opt/ros/humble /usr/bin/cmake --build /home/mostafa/ros2/ros2_ws/build/robot_description -- -j12 -l12
[0.695s] Invoked command in '/home/mostafa/ros2/ros2_ws/build/robot_description' returned '0': CMAKE_PREFIX_PATH=/opt/ros/humble /usr/bin/cmake --build /home/mostafa/ros2/ros2_ws/build/robot_description -- -j12 -l12
[0.724s] Invoking command in '/home/mostafa/ros2/ros2_ws/build/robot_description': CMAKE_PREFIX_PATH=/opt/ros/humble /usr/bin/cmake --install /home/mostafa/ros2/ros2_ws/build/robot_description
[0.731s] -- Install configuration: ""
[0.731s] -- Installing: /home/mostafa/ros2/ros2_ws/install/robot_description/share//urdf
[0.731s] -- Installing: /home/mostafa/ros2/ros2_ws/install/robot_description/share//urdf/Robot.urdf
[0.731s] -- Installing: /home/mostafa/ros2/ros2_ws/install/robot_description/share/ament_index/resource_index/package_run_dependencies/robot_description
[0.731s] -- Installing: /home/mostafa/ros2/ros2_ws/install/robot_description/share/ament_index/resource_index/parent_prefix_path/robot_description
[0.731s] -- Installing: /home/mostafa/ros2/ros2_ws/install/robot_description/share/robot_description/environment/ament_prefix_path.sh
[0.732s] -- Installing: /home/mostafa/ros2/ros2_ws/install/robot_description/share/robot_description/environment/ament_prefix_path.dsv
[0.732s] -- Installing: /home/mostafa/ros2/ros2_ws/install/robot_description/share/robot_description/environment/path.sh
[0.732s] -- Installing: /home/mostafa/ros2/ros2_ws/install/robot_description/share/robot_description/environment/path.dsv
[0.732s] -- Installing: /home/mostafa/ros2/ros2_ws/install/robot_description/share/robot_description/local_setup.bash
[0.732s] -- Installing: /home/mostafa/ros2/ros2_ws/install/robot_description/share/robot_description/local_setup.sh
[0.732s] -- Installing: /home/mostafa/ros2/ros2_ws/install/robot_description/share/robot_description/local_setup.zsh
[0.732s] -- Installing: /home/mostafa/ros2/ros2_ws/install/robot_description/share/robot_description/local_setup.dsv
[0.732s] -- Installing: /home/mostafa/ros2/ros2_ws/install/robot_description/share/robot_description/package.dsv
[0.733s] -- Installing: /home/mostafa/ros2/ros2_ws/install/robot_description/share/ament_index/resource_index/packages/robot_description
[0.733s] -- Installing: /home/mostafa/ros2/ros2_ws/install/robot_description/share/robot_description/cmake/robot_descriptionConfig.cmake
[0.733s] -- Installing: /home/mostafa/ros2/ros2_ws/install/robot_description/share/robot_description/cmake/robot_descriptionConfig-version.cmake
[0.733s] -- Installing: /home/mostafa/ros2/ros2_ws/install/robot_description/share/robot_description/package.xml
[0.735s] Invoked command in '/home/mostafa/ros2/ros2_ws/build/robot_description' returned '0': CMAKE_PREFIX_PATH=/opt/ros/humble /usr/bin/cmake --install /home/mostafa/ros2/ros2_ws/build/robot_description
