[0.011s] Invoking command in '/home/mostafa/ros2/robot_ws/build/robot_description': CMAKE_PREFIX_PATH=${CMAKE_PREFIX_PATH}:/opt/ros/humble /usr/bin/cmake --build /home/mostafa/ros2/robot_ws/build/robot_description -- -j12 -l12
[0.048s] Invoked command in '/home/mostafa/ros2/robot_ws/build/robot_description' returned '0': CMAKE_PREFIX_PATH=${CMAKE_PREFIX_PATH}:/opt/ros/humble /usr/bin/cmake --build /home/mostafa/ros2/robot_ws/build/robot_description -- -j12 -l12
[0.079s] Invoking command in '/home/mostafa/ros2/robot_ws/build/robot_description': CMAKE_PREFIX_PATH=${CMAKE_PREFIX_PATH}:/opt/ros/humble /usr/bin/cmake --install /home/mostafa/ros2/robot_ws/build/robot_description
[0.086s] -- Install configuration: ""
[0.087s] -- Execute custom install script
[0.087s] -- Up-to-date symlink: /home/mostafa/ros2/robot_ws/install/robot_description/share/robot_description//urdf/Common_proprties.xacro
[0.087s] -- Up-to-date symlink: /home/mostafa/ros2/robot_ws/install/robot_description/share/robot_description//urdf/Robot.urdf.xacro
[0.087s] -- Up-to-date symlink: /home/mostafa/ros2/robot_ws/install/robot_description/share/robot_description//urdf/mobile_base.xacro
[0.088s] -- Up-to-date symlink: /home/mostafa/ros2/robot_ws/install/robot_description/share/robot_description//launch/display.launch.xml
[0.088s] -- Up-to-date symlink: /home/mostafa/ros2/robot_ws/install/robot_description/share/robot_description//rviz/basic_robot.rviz
[0.088s] -- Up-to-date symlink: /home/mostafa/ros2/robot_ws/install/robot_description/share/ament_index/resource_index/package_run_dependencies/robot_description
[0.088s] -- Up-to-date symlink: /home/mostafa/ros2/robot_ws/install/robot_description/share/ament_index/resource_index/parent_prefix_path/robot_description
[0.088s] -- Up-to-date symlink: /home/mostafa/ros2/robot_ws/install/robot_description/share/robot_description/environment/ament_prefix_path.sh
[0.088s] -- Up-to-date symlink: /home/mostafa/ros2/robot_ws/install/robot_description/share/robot_description/environment/ament_prefix_path.dsv
[0.088s] -- Up-to-date symlink: /home/mostafa/ros2/robot_ws/install/robot_description/share/robot_description/environment/path.sh
[0.089s] -- Up-to-date symlink: /home/mostafa/ros2/robot_ws/install/robot_description/share/robot_description/environment/path.dsv
[0.089s] -- Up-to-date symlink: /home/mostafa/ros2/robot_ws/install/robot_description/share/robot_description/local_setup.bash
[0.089s] -- Up-to-date symlink: /home/mostafa/ros2/robot_ws/install/robot_description/share/robot_description/local_setup.sh
[0.089s] -- Up-to-date symlink: /home/mostafa/ros2/robot_ws/install/robot_description/share/robot_description/local_setup.zsh
[0.089s] -- Up-to-date symlink: /home/mostafa/ros2/robot_ws/install/robot_description/share/robot_description/local_setup.dsv
[0.089s] -- Symlinking: /home/mostafa/ros2/robot_ws/install/robot_description/share/robot_description/package.dsv
[0.098s] -- Up-to-date symlink: /home/mostafa/ros2/robot_ws/install/robot_description/share/ament_index/resource_index/packages/robot_description
[0.099s] -- Up-to-date symlink: /home/mostafa/ros2/robot_ws/install/robot_description/share/robot_description/cmake/robot_descriptionConfig.cmake
[0.099s] -- Up-to-date symlink: /home/mostafa/ros2/robot_ws/install/robot_description/share/robot_description/cmake/robot_descriptionConfig-version.cmake
[0.099s] -- Up-to-date symlink: /home/mostafa/ros2/robot_ws/install/robot_description/share/robot_description/package.xml
[0.101s] Invoked command in '/home/mostafa/ros2/robot_ws/build/robot_description' returned '0': CMAKE_PREFIX_PATH=${CMAKE_PREFIX_PATH}:/opt/ros/humble /usr/bin/cmake --install /home/mostafa/ros2/robot_ws/build/robot_description
