-- Found ament_cmake: 1.3.9 (/opt/ros/humble/share/ament_cmake/cmake)
-- Override CMake install command with custom implementation using symlinks instead of copying resources
-- Configuring done
-- Generating done
-- Build files have been written to: /home/mostafa/ros2/robot_ws/build/robot_description
-- Install configuration: ""
-- Execute custom install script
-- Symlinking: /home/mostafa/ros2/robot_ws/install/robot_description/share/robot_description//urdf/Robot.urdf.xacro
-- Symlinking: /home/mostafa/ros2/robot_ws/install/robot_description/share/robot_description//launch/display.launch.xml
-- Symlinking: /home/mostafa/ros2/robot_ws/install/robot_description/share/robot_description//rviz/basic_robot.rviz
-- Symlinking: /home/mostafa/ros2/robot_ws/install/robot_description/share/ament_index/resource_index/package_run_dependencies/robot_description
-- Symlinking: /home/mostafa/ros2/robot_ws/install/robot_description/share/ament_index/resource_index/parent_prefix_path/robot_description
-- Symlinking: /home/mostafa/ros2/robot_ws/install/robot_description/share/robot_description/environment/ament_prefix_path.sh
-- Symlinking: /home/mostafa/ros2/robot_ws/install/robot_description/share/robot_description/environment/ament_prefix_path.dsv
-- Symlinking: /home/mostafa/ros2/robot_ws/install/robot_description/share/robot_description/environment/path.sh
-- Symlinking: /home/mostafa/ros2/robot_ws/install/robot_description/share/robot_description/environment/path.dsv
-- Symlinking: /home/mostafa/ros2/robot_ws/install/robot_description/share/robot_description/local_setup.bash
-- Symlinking: /home/mostafa/ros2/robot_ws/install/robot_description/share/robot_description/local_setup.sh
-- Symlinking: /home/mostafa/ros2/robot_ws/install/robot_description/share/robot_description/local_setup.zsh
-- Symlinking: /home/mostafa/ros2/robot_ws/install/robot_description/share/robot_description/local_setup.dsv
-- Symlinking: /home/mostafa/ros2/robot_ws/install/robot_description/share/robot_description/package.dsv
-- Symlinking: /home/mostafa/ros2/robot_ws/install/robot_description/share/ament_index/resource_index/packages/robot_description
-- Symlinking: /home/mostafa/ros2/robot_ws/install/robot_description/share/robot_description/cmake/robot_descriptionConfig.cmake
-- Symlinking: /home/mostafa/ros2/robot_ws/install/robot_description/share/robot_description/cmake/robot_descriptionConfig-version.cmake
-- Symlinking: /home/mostafa/ros2/robot_ws/install/robot_description/share/robot_description/package.xml
