[0.008s] Invoking command in '/home/mostafa/ros2/robot_ws/build/robot_bringup': CMAKE_PREFIX_PATH=/home/mostafa/ros2/robot_ws/install/robot_description:/home/mostafa/ros2/robot_ws/install/robot_bringup:/home/mostafa/ros2/ros2_ws/install/robot_description:/opt/ros/humble /usr/bin/cmake /home/mostafa/ros2/robot_ws/src/robot_bringup -DCMAKE_INSTALL_PREFIX=/home/mostafa/ros2/robot_ws/install/robot_bringup
[0.019s] -- Found ament_cmake: 1.3.9 (/opt/ros/humble/share/ament_cmake/cmake)
[0.123s] -- Override CMake install command with custom implementation using symlinks instead of copying resources
[0.193s] -- Configuring done
[0.195s] -- Generating done
[0.196s] -- Build files have been written to: /home/mostafa/ros2/robot_ws/build/robot_bringup
[0.200s] Invoked command in '/home/mostafa/ros2/robot_ws/build/robot_bringup' returned '0': CMAKE_PREFIX_PATH=/home/mostafa/ros2/robot_ws/install/robot_description:/home/mostafa/ros2/robot_ws/install/robot_bringup:/home/mostafa/ros2/ros2_ws/install/robot_description:/opt/ros/humble /usr/bin/cmake /home/mostafa/ros2/robot_ws/src/robot_bringup -DCMAKE_INSTALL_PREFIX=/home/mostafa/ros2/robot_ws/install/robot_bringup
[0.201s] Invoking command in '/home/mostafa/ros2/robot_ws/build/robot_bringup': CMAKE_PREFIX_PATH=/home/mostafa/ros2/robot_ws/install/robot_description:/home/mostafa/ros2/robot_ws/install/robot_bringup:/home/mostafa/ros2/ros2_ws/install/robot_description:/opt/ros/humble /usr/bin/cmake --build /home/mostafa/ros2/robot_ws/build/robot_bringup -- -j12 -l12
[0.233s] Invoked command in '/home/mostafa/ros2/robot_ws/build/robot_bringup' returned '0': CMAKE_PREFIX_PATH=/home/mostafa/ros2/robot_ws/install/robot_description:/home/mostafa/ros2/robot_ws/install/robot_bringup:/home/mostafa/ros2/ros2_ws/install/robot_description:/opt/ros/humble /usr/bin/cmake --build /home/mostafa/ros2/robot_ws/build/robot_bringup -- -j12 -l12
[0.255s] Invoking command in '/home/mostafa/ros2/robot_ws/build/robot_bringup': CMAKE_PREFIX_PATH=/home/mostafa/ros2/robot_ws/install/robot_description:/home/mostafa/ros2/robot_ws/install/robot_bringup:/home/mostafa/ros2/ros2_ws/install/robot_description:/opt/ros/humble /usr/bin/cmake --install /home/mostafa/ros2/robot_ws/build/robot_bringup
[0.263s] -- Install configuration: ""
[0.263s] -- Execute custom install script
[0.264s] -- Up-to-date symlink: /home/mostafa/ros2/robot_ws/install/robot_bringup/share/robot_bringup//launch/robot_gazebo.launch.xml
[0.264s] -- Up-to-date symlink: /home/mostafa/ros2/robot_ws/install/robot_bringup/share/ament_index/resource_index/package_run_dependencies/robot_bringup
[0.264s] -- Up-to-date symlink: /home/mostafa/ros2/robot_ws/install/robot_bringup/share/ament_index/resource_index/parent_prefix_path/robot_bringup
[0.265s] -- Up-to-date symlink: /home/mostafa/ros2/robot_ws/install/robot_bringup/share/robot_bringup/environment/ament_prefix_path.sh
[0.265s] -- Up-to-date symlink: /home/mostafa/ros2/robot_ws/install/robot_bringup/share/robot_bringup/environment/ament_prefix_path.dsv
[0.265s] -- Up-to-date symlink: /home/mostafa/ros2/robot_ws/install/robot_bringup/share/robot_bringup/environment/path.sh
[0.265s] -- Up-to-date symlink: /home/mostafa/ros2/robot_ws/install/robot_bringup/share/robot_bringup/environment/path.dsv
[0.266s] -- Up-to-date symlink: /home/mostafa/ros2/robot_ws/install/robot_bringup/share/robot_bringup/local_setup.bash
[0.266s] -- Up-to-date symlink: /home/mostafa/ros2/robot_ws/install/robot_bringup/share/robot_bringup/local_setup.sh
[0.266s] -- Up-to-date symlink: /home/mostafa/ros2/robot_ws/install/robot_bringup/share/robot_bringup/local_setup.zsh
[0.266s] -- Up-to-date symlink: /home/mostafa/ros2/robot_ws/install/robot_bringup/share/robot_bringup/local_setup.dsv
[0.266s] -- Symlinking: /home/mostafa/ros2/robot_ws/install/robot_bringup/share/robot_bringup/package.dsv
[0.277s] -- Up-to-date symlink: /home/mostafa/ros2/robot_ws/install/robot_bringup/share/ament_index/resource_index/packages/robot_bringup
[0.277s] -- Up-to-date symlink: /home/mostafa/ros2/robot_ws/install/robot_bringup/share/robot_bringup/cmake/robot_bringupConfig.cmake
[0.278s] -- Up-to-date symlink: /home/mostafa/ros2/robot_ws/install/robot_bringup/share/robot_bringup/cmake/robot_bringupConfig-version.cmake
[0.278s] -- Up-to-date symlink: /home/mostafa/ros2/robot_ws/install/robot_bringup/share/robot_bringup/package.xml
[0.280s] Invoked command in '/home/mostafa/ros2/robot_ws/build/robot_bringup' returned '0': CMAKE_PREFIX_PATH=/home/mostafa/ros2/robot_ws/install/robot_description:/home/mostafa/ros2/robot_ws/install/robot_bringup:/home/mostafa/ros2/ros2_ws/install/robot_description:/opt/ros/humble /usr/bin/cmake --install /home/mostafa/ros2/robot_ws/build/robot_bringup
