[0.012s] Invoking command in '/home/mostafa/ros2/robot_ws/build/robot_description': CMAKE_PREFIX_PATH=${CMAKE_PREFIX_PATH}:/opt/ros/humble /usr/bin/cmake --build /home/mostafa/ros2/robot_ws/build/robot_description -- -j12 -l12
[0.031s] -- Found ament_cmake: 1.3.9 (/opt/ros/humble/share/ament_cmake/cmake)
[0.201s] -- Configuring done
[0.203s] -- Generating done
[0.204s] -- Build files have been written to: /home/mostafa/ros2/robot_ws/build/robot_description
[0.223s] Invoked command in '/home/mostafa/ros2/robot_ws/build/robot_description' returned '0': CMAKE_PREFIX_PATH=${CMAKE_PREFIX_PATH}:/opt/ros/humble /usr/bin/cmake --build /home/mostafa/ros2/robot_ws/build/robot_description -- -j12 -l12
[0.253s] Invoking command in '/home/mostafa/ros2/robot_ws/build/robot_description': CMAKE_PREFIX_PATH=${CMAKE_PREFIX_PATH}:/opt/ros/humble /usr/bin/cmake --install /home/mostafa/ros2/robot_ws/build/robot_description
[0.259s] -- Install configuration: ""
[0.259s] -- Up-to-date: /home/mostafa/ros2/robot_ws/install/robot_description/share/robot_description//urdf
[0.259s] -- Up-to-date: /home/mostafa/ros2/robot_ws/install/robot_description/share/robot_description//urdf/Robot.urdf
[0.259s] -- Installing: /home/mostafa/ros2/robot_ws/install/robot_description/share/robot_description//launch
[0.260s] -- Installing: /home/mostafa/ros2/robot_ws/install/robot_description/share/robot_description//launch/display.launch.xml
[0.260s] -- Up-to-date: /home/mostafa/ros2/robot_ws/install/robot_description/share/ament_index/resource_index/package_run_dependencies/robot_description
[0.260s] -- Up-to-date: /home/mostafa/ros2/robot_ws/install/robot_description/share/ament_index/resource_index/parent_prefix_path/robot_description
[0.260s] -- Up-to-date: /home/mostafa/ros2/robot_ws/install/robot_description/share/robot_description/environment/ament_prefix_path.sh
[0.260s] -- Installing: /home/mostafa/ros2/robot_ws/install/robot_description/share/robot_description/environment/ament_prefix_path.dsv
[0.260s] -- Up-to-date: /home/mostafa/ros2/robot_ws/install/robot_description/share/robot_description/environment/path.sh
[0.260s] -- Installing: /home/mostafa/ros2/robot_ws/install/robot_description/share/robot_description/environment/path.dsv
[0.260s] -- Up-to-date: /home/mostafa/ros2/robot_ws/install/robot_description/share/robot_description/local_setup.bash
[0.260s] -- Up-to-date: /home/mostafa/ros2/robot_ws/install/robot_description/share/robot_description/local_setup.sh
[0.260s] -- Up-to-date: /home/mostafa/ros2/robot_ws/install/robot_description/share/robot_description/local_setup.zsh
[0.261s] -- Installing: /home/mostafa/ros2/robot_ws/install/robot_description/share/robot_description/local_setup.dsv
[0.261s] -- Installing: /home/mostafa/ros2/robot_ws/install/robot_description/share/robot_description/package.dsv
[0.261s] -- Up-to-date: /home/mostafa/ros2/robot_ws/install/robot_description/share/ament_index/resource_index/packages/robot_description
[0.261s] -- Up-to-date: /home/mostafa/ros2/robot_ws/install/robot_description/share/robot_description/cmake/robot_descriptionConfig.cmake
[0.261s] -- Up-to-date: /home/mostafa/ros2/robot_ws/install/robot_description/share/robot_description/cmake/robot_descriptionConfig-version.cmake
[0.261s] -- Up-to-date: /home/mostafa/ros2/robot_ws/install/robot_description/share/robot_description/package.xml
[0.262s] Invoked command in '/home/mostafa/ros2/robot_ws/build/robot_description' returned '0': CMAKE_PREFIX_PATH=${CMAKE_PREFIX_PATH}:/opt/ros/humble /usr/bin/cmake --install /home/mostafa/ros2/robot_ws/build/robot_description
