[0.011s] Invoking command in '/home/mostafa/ros2/ros2_ws/build/robot_description': CMAKE_PREFIX_PATH=${CMAKE_PREFIX_PATH}:/opt/ros/humble /usr/bin/cmake --build /home/mostafa/ros2/ros2_ws/build/robot_description -- -j12 -l12
[0.045s] Invoked command in '/home/mostafa/ros2/ros2_ws/build/robot_description' returned '0': CMAKE_PREFIX_PATH=${CMAKE_PREFIX_PATH}:/opt/ros/humble /usr/bin/cmake --build /home/mostafa/ros2/ros2_ws/build/robot_description -- -j12 -l12
[0.072s] Invoking command in '/home/mostafa/ros2/ros2_ws/build/robot_description': CMAKE_PREFIX_PATH=${CMAKE_PREFIX_PATH}:/opt/ros/humble /usr/bin/cmake --install /home/mostafa/ros2/ros2_ws/build/robot_description
[0.078s] -- Install configuration: ""
[0.078s] -- Up-to-date: /home/mostafa/ros2/ros2_ws/install/robot_description/share/robot_description
[0.079s] -- Up-to-date: /home/mostafa/ros2/ros2_ws/install/robot_description/share/robot_description/Robot.urdf
[0.079s] -- Up-to-date: /home/mostafa/ros2/ros2_ws/install/robot_description/share/robot_description
[0.079s] -- Installing: /home/mostafa/ros2/ros2_ws/install/robot_description/share/robot_description/display.launch.xml
[0.079s] -- Up-to-date: /home/mostafa/ros2/ros2_ws/install/robot_description/share/ament_index/resource_index/package_run_dependencies/robot_description
[0.079s] -- Up-to-date: /home/mostafa/ros2/ros2_ws/install/robot_description/share/ament_index/resource_index/parent_prefix_path/robot_description
[0.079s] -- Up-to-date: /home/mostafa/ros2/ros2_ws/install/robot_description/share/robot_description/environment/ament_prefix_path.sh
[0.079s] -- Up-to-date: /home/mostafa/ros2/ros2_ws/install/robot_description/share/robot_description/environment/ament_prefix_path.dsv
[0.079s] -- Up-to-date: /home/mostafa/ros2/ros2_ws/install/robot_description/share/robot_description/environment/path.sh
[0.079s] -- Up-to-date: /home/mostafa/ros2/ros2_ws/install/robot_description/share/robot_description/environment/path.dsv
[0.079s] -- Up-to-date: /home/mostafa/ros2/ros2_ws/install/robot_description/share/robot_description/local_setup.bash
[0.079s] -- Up-to-date: /home/mostafa/ros2/ros2_ws/install/robot_description/share/robot_description/local_setup.sh
[0.079s] -- Up-to-date: /home/mostafa/ros2/ros2_ws/install/robot_description/share/robot_description/local_setup.zsh
[0.079s] -- Up-to-date: /home/mostafa/ros2/ros2_ws/install/robot_description/share/robot_description/local_setup.dsv
[0.079s] -- Installing: /home/mostafa/ros2/ros2_ws/install/robot_description/share/robot_description/package.dsv
[0.080s] -- Up-to-date: /home/mostafa/ros2/ros2_ws/install/robot_description/share/ament_index/resource_index/packages/robot_description
[0.080s] -- Up-to-date: /home/mostafa/ros2/ros2_ws/install/robot_description/share/robot_description/cmake/robot_descriptionConfig.cmake
[0.080s] -- Up-to-date: /home/mostafa/ros2/ros2_ws/install/robot_description/share/robot_description/cmake/robot_descriptionConfig-version.cmake
[0.080s] -- Up-to-date: /home/mostafa/ros2/ros2_ws/install/robot_description/share/robot_description/package.xml
[0.081s] Invoked command in '/home/mostafa/ros2/ros2_ws/build/robot_description' returned '0': CMAKE_PREFIX_PATH=${CMAKE_PREFIX_PATH}:/opt/ros/humble /usr/bin/cmake --install /home/mostafa/ros2/ros2_ws/build/robot_description
