[0.006s] Invoking command in '/home/mostafa/ros2/robot_ws/build/my_robot_bringup': AMENT_PREFIX_PATH=/home/mostafa/ros2/robot_ws/install/my_robot_description:${AMENT_PREFIX_PATH} CMAKE_PREFIX_PATH=/home/mostafa/ros2/robot_ws/install/my_robot_description:/opt/ros/humble /usr/bin/cmake /home/mostafa/ros2/robot_ws/src/my_robot_bringup -DAMENT_CMAKE_SYMLINK_INSTALL=1 -DCMAKE_INSTALL_PREFIX=/home/mostafa/ros2/robot_ws/install/my_robot_bringup
[0.055s] -- The C compiler identification is GNU 11.4.0
[0.106s] -- The CXX compiler identification is GNU 11.4.0
[0.112s] -- Detecting C compiler ABI info
[0.177s] -- Detecting C compiler ABI info - done
[0.184s] -- Check for working C compiler: /usr/bin/cc - skipped
[0.185s] -- Detecting C compile features
[0.185s] -- Detecting C compile features - done
[0.188s] -- Detecting CXX compiler ABI info
[0.262s] -- Detecting CXX compiler ABI info - done
[0.269s] -- Check for working CXX compiler: /usr/bin/c++ - skipped
[0.269s] -- Detecting CXX compile features
[0.270s] -- Detecting CXX compile features - done
[0.272s] -- Found ament_cmake: 1.3.9 (/opt/ros/humble/share/ament_cmake/cmake)
[0.410s] -- Found Python3: /usr/bin/python3 (found version "3.10.12") found components: Interpreter 
[0.467s] -- Override CMake install command with custom implementation using symlinks instead of copying resources
[0.560s] -- Configuring done
[0.562s] -- Generating done
[0.563s] -- Build files have been written to: /home/mostafa/ros2/robot_ws/build/my_robot_bringup
[0.567s] Invoked command in '/home/mostafa/ros2/robot_ws/build/my_robot_bringup' returned '0': AMENT_PREFIX_PATH=/home/mostafa/ros2/robot_ws/install/my_robot_description:${AMENT_PREFIX_PATH} CMAKE_PREFIX_PATH=/home/mostafa/ros2/robot_ws/install/my_robot_description:/opt/ros/humble /usr/bin/cmake /home/mostafa/ros2/robot_ws/src/my_robot_bringup -DAMENT_CMAKE_SYMLINK_INSTALL=1 -DCMAKE_INSTALL_PREFIX=/home/mostafa/ros2/robot_ws/install/my_robot_bringup
[0.568s] Invoking command in '/home/mostafa/ros2/robot_ws/build/my_robot_bringup': AMENT_PREFIX_PATH=/home/mostafa/ros2/robot_ws/install/my_robot_description:${AMENT_PREFIX_PATH} CMAKE_PREFIX_PATH=/home/mostafa/ros2/robot_ws/install/my_robot_description:/opt/ros/humble /usr/bin/cmake --build /home/mostafa/ros2/robot_ws/build/my_robot_bringup -- -j12 -l12
[0.606s] Invoked command in '/home/mostafa/ros2/robot_ws/build/my_robot_bringup' returned '0': AMENT_PREFIX_PATH=/home/mostafa/ros2/robot_ws/install/my_robot_description:${AMENT_PREFIX_PATH} CMAKE_PREFIX_PATH=/home/mostafa/ros2/robot_ws/install/my_robot_description:/opt/ros/humble /usr/bin/cmake --build /home/mostafa/ros2/robot_ws/build/my_robot_bringup -- -j12 -l12
[0.628s] Invoking command in '/home/mostafa/ros2/robot_ws/build/my_robot_bringup': AMENT_PREFIX_PATH=/home/mostafa/ros2/robot_ws/install/my_robot_description:${AMENT_PREFIX_PATH} CMAKE_PREFIX_PATH=/home/mostafa/ros2/robot_ws/install/my_robot_description:/opt/ros/humble /usr/bin/cmake --install /home/mostafa/ros2/robot_ws/build/my_robot_bringup
[0.636s] -- Install configuration: ""
[0.636s] -- Execute custom install script
[0.636s] -- Symlinking: /home/mostafa/ros2/robot_ws/install/my_robot_bringup/share/my_robot_bringup//launch/my_robot_gazebo.launch.xml
[0.645s] -- Symlinking: /home/mostafa/ros2/robot_ws/install/my_robot_bringup/share/my_robot_bringup//rviz/urdf_config.rviz
[0.654s] -- Symlinking: /home/mostafa/ros2/robot_ws/install/my_robot_bringup/share/my_robot_bringup//worlds/test_world.world
[0.663s] -- Symlinking: /home/mostafa/ros2/robot_ws/install/my_robot_bringup/share/ament_index/resource_index/package_run_dependencies/my_robot_bringup
[0.672s] -- Symlinking: /home/mostafa/ros2/robot_ws/install/my_robot_bringup/share/ament_index/resource_index/parent_prefix_path/my_robot_bringup
[0.681s] -- Symlinking: /home/mostafa/ros2/robot_ws/install/my_robot_bringup/share/my_robot_bringup/environment/ament_prefix_path.sh
[0.690s] -- Symlinking: /home/mostafa/ros2/robot_ws/install/my_robot_bringup/share/my_robot_bringup/environment/ament_prefix_path.dsv
[0.698s] -- Symlinking: /home/mostafa/ros2/robot_ws/install/my_robot_bringup/share/my_robot_bringup/environment/path.sh
[0.707s] -- Symlinking: /home/mostafa/ros2/robot_ws/install/my_robot_bringup/share/my_robot_bringup/environment/path.dsv
[0.716s] -- Symlinking: /home/mostafa/ros2/robot_ws/install/my_robot_bringup/share/my_robot_bringup/local_setup.bash
[0.725s] -- Symlinking: /home/mostafa/ros2/robot_ws/install/my_robot_bringup/share/my_robot_bringup/local_setup.sh
[0.735s] -- Symlinking: /home/mostafa/ros2/robot_ws/install/my_robot_bringup/share/my_robot_bringup/local_setup.zsh
[0.744s] -- Symlinking: /home/mostafa/ros2/robot_ws/install/my_robot_bringup/share/my_robot_bringup/local_setup.dsv
[0.753s] -- Symlinking: /home/mostafa/ros2/robot_ws/install/my_robot_bringup/share/my_robot_bringup/package.dsv
[0.761s] -- Symlinking: /home/mostafa/ros2/robot_ws/install/my_robot_bringup/share/ament_index/resource_index/packages/my_robot_bringup
[0.770s] -- Symlinking: /home/mostafa/ros2/robot_ws/install/my_robot_bringup/share/my_robot_bringup/cmake/my_robot_bringupConfig.cmake
[0.779s] -- Symlinking: /home/mostafa/ros2/robot_ws/install/my_robot_bringup/share/my_robot_bringup/cmake/my_robot_bringupConfig-version.cmake
[0.788s] -- Symlinking: /home/mostafa/ros2/robot_ws/install/my_robot_bringup/share/my_robot_bringup/package.xml
[0.798s] Invoked command in '/home/mostafa/ros2/robot_ws/build/my_robot_bringup' returned '0': AMENT_PREFIX_PATH=/home/mostafa/ros2/robot_ws/install/my_robot_description:${AMENT_PREFIX_PATH} CMAKE_PREFIX_PATH=/home/mostafa/ros2/robot_ws/install/my_robot_description:/opt/ros/humble /usr/bin/cmake --install /home/mostafa/ros2/robot_ws/build/my_robot_bringup
