[0.011s] Invoking command in '/home/mostafa/ros2/robot_ws/build/robot_description': CMAKE_PREFIX_PATH=${CMAKE_PREFIX_PATH}:/opt/ros/humble /usr/bin/cmake /home/mostafa/ros2/robot_ws/src/robot_description -DCMAKE_INSTALL_PREFIX=/home/mostafa/ros2/robot_ws/install/robot_description
[0.021s] -- Found ament_cmake: 1.3.9 (/opt/ros/humble/share/ament_cmake/cmake)
[0.124s] -- Override CMake install command with custom implementation using symlinks instead of copying resources
[0.193s] -- Configuring done
[0.195s] -- Generating done
[0.196s] -- Build files have been written to: /home/mostafa/ros2/robot_ws/build/robot_description
[0.198s] Invoked command in '/home/mostafa/ros2/robot_ws/build/robot_description' returned '0': CMAKE_PREFIX_PATH=${CMAKE_PREFIX_PATH}:/opt/ros/humble /usr/bin/cmake /home/mostafa/ros2/robot_ws/src/robot_description -DCMAKE_INSTALL_PREFIX=/home/mostafa/ros2/robot_ws/install/robot_description
[0.200s] Invoking command in '/home/mostafa/ros2/robot_ws/build/robot_description': CMAKE_PREFIX_PATH=${CMAKE_PREFIX_PATH}:/opt/ros/humble /usr/bin/cmake --build /home/mostafa/ros2/robot_ws/build/robot_description -- -j12 -l12
[0.233s] Invoked command in '/home/mostafa/ros2/robot_ws/build/robot_description' returned '0': CMAKE_PREFIX_PATH=${CMAKE_PREFIX_PATH}:/opt/ros/humble /usr/bin/cmake --build /home/mostafa/ros2/robot_ws/build/robot_description -- -j12 -l12
[0.267s] Invoking command in '/home/mostafa/ros2/robot_ws/build/robot_description': CMAKE_PREFIX_PATH=${CMAKE_PREFIX_PATH}:/opt/ros/humble /usr/bin/cmake --install /home/mostafa/ros2/robot_ws/build/robot_description
[0.276s] -- Install configuration: ""
[0.276s] -- Execute custom install script
[0.277s] -- Up-to-date symlink: /home/mostafa/ros2/robot_ws/install/robot_description/share/robot_description//urdf/Common_proprties.xacro
[0.277s] -- Up-to-date symlink: /home/mostafa/ros2/robot_ws/install/robot_description/share/robot_description//urdf/Robot.urdf.xacro
[0.277s] -- Up-to-date symlink: /home/mostafa/ros2/robot_ws/install/robot_description/share/robot_description//urdf/mobile_base.xacro
[0.277s] -- Up-to-date symlink: /home/mostafa/ros2/robot_ws/install/robot_description/share/robot_description//launch/display.launch.xml
[0.278s] -- Up-to-date symlink: /home/mostafa/ros2/robot_ws/install/robot_description/share/robot_description//rviz/basic_robot.rviz
[0.278s] -- Up-to-date symlink: /home/mostafa/ros2/robot_ws/install/robot_description/share/ament_index/resource_index/package_run_dependencies/robot_description
[0.278s] -- Up-to-date symlink: /home/mostafa/ros2/robot_ws/install/robot_description/share/ament_index/resource_index/parent_prefix_path/robot_description
[0.278s] -- Up-to-date symlink: /home/mostafa/ros2/robot_ws/install/robot_description/share/robot_description/environment/ament_prefix_path.sh
[0.278s] -- Up-to-date symlink: /home/mostafa/ros2/robot_ws/install/robot_description/share/robot_description/environment/ament_prefix_path.dsv
[0.279s] -- Up-to-date symlink: /home/mostafa/ros2/robot_ws/install/robot_description/share/robot_description/environment/path.sh
[0.279s] -- Up-to-date symlink: /home/mostafa/ros2/robot_ws/install/robot_description/share/robot_description/environment/path.dsv
[0.279s] -- Up-to-date symlink: /home/mostafa/ros2/robot_ws/install/robot_description/share/robot_description/local_setup.bash
[0.279s] -- Up-to-date symlink: /home/mostafa/ros2/robot_ws/install/robot_description/share/robot_description/local_setup.sh
[0.279s] -- Up-to-date symlink: /home/mostafa/ros2/robot_ws/install/robot_description/share/robot_description/local_setup.zsh
[0.280s] -- Up-to-date symlink: /home/mostafa/ros2/robot_ws/install/robot_description/share/robot_description/local_setup.dsv
[0.280s] -- Symlinking: /home/mostafa/ros2/robot_ws/install/robot_description/share/robot_description/package.dsv
[0.291s] -- Up-to-date symlink: /home/mostafa/ros2/robot_ws/install/robot_description/share/ament_index/resource_index/packages/robot_description
[0.291s] -- Up-to-date symlink: /home/mostafa/ros2/robot_ws/install/robot_description/share/robot_description/cmake/robot_descriptionConfig.cmake
[0.291s] -- Up-to-date symlink: /home/mostafa/ros2/robot_ws/install/robot_description/share/robot_description/cmake/robot_descriptionConfig-version.cmake
[0.291s] -- Up-to-date symlink: /home/mostafa/ros2/robot_ws/install/robot_description/share/robot_description/package.xml
[0.293s] Invoked command in '/home/mostafa/ros2/robot_ws/build/robot_description' returned '0': CMAKE_PREFIX_PATH=${CMAKE_PREFIX_PATH}:/opt/ros/humble /usr/bin/cmake --install /home/mostafa/ros2/robot_ws/build/robot_description
